2025-08-08 14:55:26,825 - INFO - VLTextSummarizer initialized successfully
2025-08-08 14:56:01,480 - INFO - HTTP Request: POST https://dashscope.aliyuncs.com/compatible-mode/v1/chat/completions "HTTP/1.1 200 OK"
2025-08-08 14:56:01,496 - INFO - Successfully analyzed image: D:\vsc\edusystem\src\core\wrongquestion.png
2025-08-08 15:06:23,859 - INFO - VLTextSummarizer initialized successfully
2025-08-08 15:06:52,263 - INFO - HTTP Request: POST https://dashscope.aliyuncs.com/compatible-mode/v1/chat/completions "HTTP/1.1 200 OK"
2025-08-08 15:06:52,300 - INFO - Successfully analyzed image: D:\vsc\edusystem\src\core\wrongquestion.png
2025-08-08 15:22:11,845 - INFO - VLTextSummarizer initialized successfully
2025-08-08 15:23:04,025 - INFO - HTTP Request: POST https://dashscope.aliyuncs.com/compatible-mode/v1/chat/completions "HTTP/1.1 200 OK"
2025-08-08 15:23:04,042 - INFO - Successfully analyzed image: D:\vsc\edusystem\src\core\wrongquestion.png
2025-08-08 15:54:03,947 - INFO - VLTextSummarizer initialized successfully
2025-08-08 15:54:25,559 - INFO - HTTP Request: POST https://dashscope.aliyuncs.com/compatible-mode/v1/chat/completions "HTTP/1.1 200 OK"
2025-08-08 15:54:25,572 - INFO - Successfully analyzed image: D:\vsc\edusystem\src\core\wrongquestion.png
2025-08-08 16:00:46,622 - INFO - VLTextSummarizer initialized successfully
2025-08-08 16:01:00,670 - INFO - HTTP Request: POST https://dashscope.aliyuncs.com/compatible-mode/v1/chat/completions "HTTP/1.1 200 OK"
2025-08-08 16:01:00,685 - INFO - Successfully analyzed image: D:\vsc\edusystem\src\core\wrongquestion.png
2025-08-08 17:10:45,710 - INFO - VLTextSummarizer initialized successfully
2025-08-08 17:15:08,793 - INFO - VLTextSummarizer initialized successfully
2025-08-08 17:15:27,406 - INFO - HTTP Request: POST https://dashscope.aliyuncs.com/compatible-mode/v1/chat/completions "HTTP/1.1 200 OK"
2025-08-08 17:15:27,424 - INFO - Successfully analyzed image: D:\vsc\edusystem\src\core\wrongquestion.png
2025-08-08 17:52:51,614 - INFO - VLTextSummarizer initialized successfully
2025-08-08 17:53:06,210 - INFO - HTTP Request: POST https://dashscope.aliyuncs.com/compatible-mode/v1/chat/completions "HTTP/1.1 200 OK"
2025-08-08 17:53:06,235 - INFO - Successfully analyzed image: D:\vsc\edusystem\src\core\wrongquestion.png
2025-08-08 18:21:55,472 - INFO - VLTextSummarizer initialized successfully
2025-08-08 18:22:11,436 - INFO - HTTP Request: POST https://dashscope.aliyuncs.com/compatible-mode/v1/chat/completions "HTTP/1.1 200 OK"
2025-08-08 18:22:11,454 - INFO - Successfully analyzed image: D:\vsc\edusystem\src\core\wrongquestion.png
2025-08-08 18:57:45,382 - INFO - VLTextSummarizer initialized successfully
2025-08-08 18:57:58,980 - INFO - HTTP Request: POST https://dashscope.aliyuncs.com/compatible-mode/v1/chat/completions "HTTP/1.1 200 OK"
2025-08-08 18:57:58,995 - INFO - Successfully analyzed image: D:\vsc\edusystem\src\core\wrongquestion.png
2025-08-08 19:19:24,272 - INFO - VLTextSummarizer initialized successfully
2025-08-08 19:19:42,474 - INFO - HTTP Request: POST https://dashscope.aliyuncs.com/compatible-mode/v1/chat/completions "HTTP/1.1 200 OK"
2025-08-08 19:19:42,493 - INFO - Successfully analyzed image: D:\vsc\edusystem\src\core\wrongquestion.png
2025-08-08 19:23:36,798 - INFO - VLTextSummarizer initialized successfully
2025-08-08 19:23:52,122 - INFO - HTTP Request: POST https://dashscope.aliyuncs.com/compatible-mode/v1/chat/completions "HTTP/1.1 200 OK"
2025-08-08 19:23:52,133 - INFO - Successfully analyzed image: D:\vsc\edusystem\src\core\wrongquestion.png
2025-08-08 19:30:33,674 - INFO - VLTextSummarizer initialized successfully
2025-08-08 19:30:48,014 - INFO - HTTP Request: POST https://dashscope.aliyuncs.com/compatible-mode/v1/chat/completions "HTTP/1.1 200 OK"
2025-08-08 19:30:48,035 - INFO - Successfully analyzed image: D:\vsc\edusystem\src\core\wrongquestion.png
2025-08-08 19:34:19,454 - INFO - VLTextSummarizer initialized successfully
2025-08-08 19:34:37,851 - INFO - HTTP Request: POST https://dashscope.aliyuncs.com/compatible-mode/v1/chat/completions "HTTP/1.1 200 OK"
2025-08-08 19:34:37,872 - INFO - Successfully analyzed image: D:\vsc\edusystem\src\core\wrongquestion.png
2025-08-08 19:35:40,922 - INFO - VLTextSummarizer initialized successfully
2025-08-08 19:35:55,857 - INFO - HTTP Request: POST https://dashscope.aliyuncs.com/compatible-mode/v1/chat/completions "HTTP/1.1 200 OK"
2025-08-08 19:35:55,871 - INFO - Successfully analyzed image: D:\vsc\edusystem\src\core\wrongquestion.png
2025-08-08 19:53:39,710 - INFO - VLTextSummarizer initialized successfully
2025-08-08 19:53:54,600 - INFO - HTTP Request: POST https://dashscope.aliyuncs.com/compatible-mode/v1/chat/completions "HTTP/1.1 200 OK"
2025-08-08 19:53:54,620 - INFO - Successfully analyzed image: D:\vsc\edusystem\src\core\wrongquestion.png
2025-08-08 22:19:55,781 - INFO - VLTextSummarizer initialized successfully
2025-08-08 22:20:19,657 - INFO - HTTP Request: POST https://dashscope.aliyuncs.com/compatible-mode/v1/chat/completions "HTTP/1.1 200 OK"
2025-08-08 22:20:19,676 - INFO - Successfully analyzed image: D:\vsc\edusystem\src\core\wrongquestion.png
2025-08-08 22:25:17,643 - INFO - VLTextSummarizer initialized successfully
2025-08-08 22:25:32,639 - INFO - HTTP Request: POST https://dashscope.aliyuncs.com/compatible-mode/v1/chat/completions "HTTP/1.1 200 OK"
2025-08-08 22:25:32,666 - INFO - Successfully analyzed image: D:\vsc\edusystem\src\core\wrongquestion.png
2025-08-08 22:27:28,004 - INFO - VLTextSummarizer initialized successfully
2025-08-08 22:27:40,721 - INFO - HTTP Request: POST https://dashscope.aliyuncs.com/compatible-mode/v1/chat/completions "HTTP/1.1 200 OK"
2025-08-08 22:27:40,749 - INFO - Successfully analyzed image: D:\vsc\edusystem\src\core\wrongquestion.png
2025-08-08 22:31:26,318 - INFO - VLTextSummarizer initialized successfully
2025-08-08 22:31:43,380 - INFO - HTTP Request: POST https://dashscope.aliyuncs.com/compatible-mode/v1/chat/completions "HTTP/1.1 200 OK"
2025-08-08 22:31:43,400 - INFO - Successfully analyzed image: D:\vsc\edusystem\src\core\wrongquestion.png
2025-08-08 22:33:05,791 - INFO - VLTextSummarizer initialized successfully
2025-08-08 22:33:21,382 - INFO - HTTP Request: POST https://dashscope.aliyuncs.com/compatible-mode/v1/chat/completions "HTTP/1.1 200 OK"
2025-08-08 22:33:21,390 - INFO - Successfully analyzed image: D:\vsc\edusystem\src\core\wrongquestion.png
2025-08-08 22:35:55,762 - INFO - VLTextSummarizer initialized successfully
2025-08-08 22:36:11,267 - INFO - HTTP Request: POST https://dashscope.aliyuncs.com/compatible-mode/v1/chat/completions "HTTP/1.1 200 OK"
2025-08-08 22:36:11,279 - INFO - Successfully analyzed image: D:\vsc\edusystem\src\core\wrongquestion.png
2025-08-10 21:20:39,698 - INFO - VLTextSummarizer initialized successfully
2025-08-10 21:21:01,372 - INFO - HTTP Request: POST https://dashscope.aliyuncs.com/compatible-mode/v1/chat/completions "HTTP/1.1 200 OK"
2025-08-10 21:21:01,392 - INFO - Successfully analyzed image: D:\vsc\edusystem\src\core\wrongquestion.png
2025-08-10 21:22:55,774 - INFO - VLTextSummarizer initialized successfully
2025-08-10 21:23:18,518 - INFO - HTTP Request: POST https://dashscope.aliyuncs.com/compatible-mode/v1/chat/completions "HTTP/1.1 200 OK"
2025-08-10 21:23:18,525 - INFO - Successfully analyzed image: D:\vsc\edusystem\src\core\wrongquestion.png
2025-08-10 21:32:55,139 - INFO - VLTextSummarizer initialized successfully
2025-08-10 21:33:12,934 - INFO - HTTP Request: POST https://dashscope.aliyuncs.com/compatible-mode/v1/chat/completions "HTTP/1.1 200 OK"
2025-08-10 21:33:12,954 - INFO - Successfully analyzed image: D:\vsc\edusystem\src\core\wrongquestion.png
2025-08-10 21:34:24,855 - INFO - VLTextSummarizer initialized successfully
2025-08-10 21:34:43,757 - INFO - HTTP Request: POST https://dashscope.aliyuncs.com/compatible-mode/v1/chat/completions "HTTP/1.1 200 OK"
2025-08-10 21:34:43,770 - INFO - Successfully analyzed image: D:\vsc\edusystem\src\core\wrongquestion.png
2025-08-10 21:36:27,816 - INFO - VLTextSummarizer initialized successfully
2025-08-10 21:36:51,142 - INFO - HTTP Request: POST https://dashscope.aliyuncs.com/compatible-mode/v1/chat/completions "HTTP/1.1 200 OK"
2025-08-10 21:36:51,157 - INFO - Successfully analyzed image: D:\vsc\edusystem\src\core\wrongquestion.png
2025-08-10 21:39:41,575 - INFO - VLTextSummarizer initialized successfully
2025-08-10 21:40:01,955 - INFO - HTTP Request: POST https://dashscope.aliyuncs.com/compatible-mode/v1/chat/completions "HTTP/1.1 200 OK"
2025-08-10 21:40:01,974 - INFO - Successfully analyzed image: D:\vsc\edusystem\src\core\wrongquestion.png
2025-08-10 21:52:49,166 - INFO - VLTextSummarizer initialized successfully
2025-08-10 21:53:07,493 - INFO - HTTP Request: POST https://dashscope.aliyuncs.com/compatible-mode/v1/chat/completions "HTTP/1.1 200 OK"
2025-08-10 21:53:07,516 - INFO - Successfully analyzed image: D:\vsc\edusystem\src\core\wrongquestion.png
2025-08-11 14:49:19,425 - INFO - VLTextSummarizer initialized successfully
2025-08-11 14:49:19,425 - ERROR - Error analyzing image D:\vsc\edusystem\src\core\wrongquestion1.png: Image file not found: D:\vsc\edusystem\src\core\wrongquestion1.png
2025-08-11 14:49:50,076 - INFO - VLTextSummarizer initialized successfully
2025-08-11 14:50:01,165 - INFO - HTTP Request: POST https://dashscope.aliyuncs.com/compatible-mode/v1/chat/completions "HTTP/1.1 200 OK"
2025-08-11 14:50:01,185 - INFO - Successfully analyzed image: D:\vsc\edusystem\src\core\wrongquestion1.jpg
2025-08-11 14:51:10,454 - INFO - VLTextSummarizer initialized successfully
2025-08-11 14:51:56,907 - INFO - HTTP Request: POST https://dashscope.aliyuncs.com/compatible-mode/v1/chat/completions "HTTP/1.1 200 OK"
2025-08-11 14:51:56,916 - INFO - Successfully analyzed image: D:\vsc\edusystem\src\core\wrongquestion2.png
2025-08-11 15:08:41,451 - INFO - VLTextSummarizer initialized successfully
2025-08-11 15:08:41,541 - ERROR - Error determining image format for D:\vsc\edusystem\src\core\wrongquestion.pdf: cannot identify image file 'D:\\vsc\\edusystem\\src\\core\\wrongquestion.pdf'
2025-08-11 15:08:41,542 - ERROR - Error analyzing image D:\vsc\edusystem\src\core\wrongquestion.pdf: cannot identify image file 'D:\\vsc\\edusystem\\src\\core\\wrongquestion.pdf'
2025-08-11 15:11:17,810 - INFO - VLTextSummarizer initialized successfully
2025-08-11 15:11:17,889 - ERROR - Error determining image format for D:\vsc\edusystem\src\core\wrongquestion.pdf: cannot identify image file 'D:\\vsc\\edusystem\\src\\core\\wrongquestion.pdf'
2025-08-11 15:11:17,890 - ERROR - Error analyzing image D:\vsc\edusystem\src\core\wrongquestion.pdf: cannot identify image file 'D:\\vsc\\edusystem\\src\\core\\wrongquestion.pdf'
2025-08-11 15:20:27,124 - INFO - VLTextSummarizer initialized successfully
2025-08-11 15:20:30,923 - INFO - HTTP Request: POST https://dashscope.aliyuncs.com/compatible-mode/v1/chat/completions "HTTP/1.1 400 Bad Request"
2025-08-11 15:20:30,929 - ERROR - Error analyzing image D:\vsc\edusystem\src\core\wrongquestion.pdf: Error code: 400 - {'error': {'code': 'invalid_parameter_error', 'param': None, 'message': '<400> InternalError.Algo.InvalidParameter: The image format is illegal and cannot be opened', 'type': 'invalid_request_error'}, 'id': 'chatcmpl-0eb2b4fc-959b-9a21-b778-9b8691830d7b', 'request_id': '0eb2b4fc-959b-9a21-b778-9b8691830d7b'}
2025-08-11 15:32:29,162 - INFO - VLTextSummarizer initialized successfully
2025-08-11 15:32:29,210 - ERROR - Error determining file format for D:\vsc\edusystem\src\core\wrongquestion.pdf: Unable to get page count. Is poppler installed and in PATH?
2025-08-11 15:32:29,218 - ERROR - Error analyzing image D:\vsc\edusystem\src\core\wrongquestion.pdf: Unable to get page count. Is poppler installed and in PATH?
2025-08-11 15:39:36,265 - INFO - VLTextSummarizer initialized successfully
2025-08-11 15:39:39,089 - INFO - HTTP Request: POST https://dashscope.aliyuncs.com/compatible-mode/v1/chat/completions "HTTP/1.1 400 Bad Request"
2025-08-11 15:39:39,102 - ERROR - Error analyzing image D:\vsc\edusystem\src\core\wrongquestion.pdf: Error code: 400 - {'error': {'code': 'invalid_parameter_error', 'param': None, 'message': '<400> InternalError.Algo.InvalidParameter: The image format is illegal and cannot be opened', 'type': 'invalid_request_error'}, 'id': 'chatcmpl-ff293093-4d8b-9312-99e3-22525342b94f', 'request_id': 'ff293093-4d8b-9312-99e3-22525342b94f'}
2025-08-11 15:40:33,314 - INFO - VLTextSummarizer initialized successfully
2025-08-11 15:40:51,626 - INFO - HTTP Request: POST https://dashscope.aliyuncs.com/compatible-mode/v1/chat/completions "HTTP/1.1 200 OK"
2025-08-11 15:40:51,646 - INFO - Successfully analyzed image: D:\vsc\edusystem\src\core\wrongquestion.png
2025-08-11 15:44:29,816 - INFO - VLTextSummarizer initialized successfully
2025-08-11 15:44:32,478 - INFO - HTTP Request: POST https://dashscope.aliyuncs.com/compatible-mode/v1/chat/completions "HTTP/1.1 400 Bad Request"
2025-08-11 15:44:32,496 - ERROR - Error analyzing image D:\vsc\edusystem\src\core\wrongquestion.pdf: Error code: 400 - {'error': {'code': 'invalid_parameter_error', 'param': None, 'message': '<400> InternalError.Algo.InvalidParameter: The image format is illegal and cannot be opened', 'type': 'invalid_request_error'}, 'id': 'chatcmpl-addd3095-dd09-943b-b579-45bca9efe7f9', 'request_id': 'addd3095-dd09-943b-b579-45bca9efe7f9'}
2025-08-11 15:53:10,057 - INFO - VLTextSummarizer initialized successfully
2025-08-11 15:53:13,313 - INFO - HTTP Request: POST https://dashscope.aliyuncs.com/compatible-mode/v1/chat/completions "HTTP/1.1 400 Bad Request"
2025-08-11 15:53:13,318 - ERROR - Error analyzing image D:\vsc\edusystem\src\core\wrongquestion.pdf: Error code: 400 - {'error': {'code': 'invalid_parameter_error', 'param': None, 'message': '<400> InternalError.Algo.InvalidParameter: The image format is illegal and cannot be opened', 'type': 'invalid_request_error'}, 'id': 'chatcmpl-0953bb5a-d7da-92ab-b684-f1addfaf7c80', 'request_id': '0953bb5a-d7da-92ab-b684-f1addfaf7c80'}
2025-08-11 15:59:35,088 - INFO - VLTextSummarizer initialized successfully
2025-08-11 15:59:35,112 - ERROR - Error processing D:\vsc\edusystem\src\core\wrongquestion.pdf: Unable to get page count. Is poppler installed and in PATH?
2025-08-11 15:59:35,112 - ERROR - Error analyzing image D:\vsc\edusystem\src\core\wrongquestion.pdf: Unable to get page count. Is poppler installed and in PATH?
2025-08-11 16:12:51,546 - INFO - VLTextSummarizer initialized successfully
2025-08-11 16:12:51,561 - ERROR - Error processing D:\vsc\edusystem\src\core\wrongquestion.pdf: Unable to get page count. Is poppler installed and in PATH?
2025-08-11 16:12:51,562 - ERROR - Error analyzing image D:\vsc\edusystem\src\core\wrongquestion.pdf: Unable to get page count. Is poppler installed and in PATH?
2025-08-11 16:41:55,854 - INFO - VLTextSummarizer initialized successfully
2025-08-11 16:41:55,872 - ERROR - Error processing D:\vsc\edusystem\src\core\wrongquestion.pdf: Unable to get page count. Is poppler installed and in PATH?
2025-08-11 16:41:55,872 - ERROR - Error analyzing image D:\vsc\edusystem\src\core\wrongquestion.pdf: Unable to get page count. Is poppler installed and in PATH?
2025-08-11 16:42:07,543 - INFO - VLTextSummarizer initialized successfully
2025-08-11 16:42:07,559 - ERROR - Error processing D:\vsc\edusystem\src\core\wrongquestion.pdf: Unable to get page count. Is poppler installed and in PATH?
2025-08-11 16:42:07,559 - ERROR - Error analyzing image D:\vsc\edusystem\src\core\wrongquestion.pdf: Unable to get page count. Is poppler installed and in PATH?
2025-08-11 16:49:43,829 - INFO - VLTextSummarizer initialized successfully
2025-08-11 16:49:43,847 - ERROR - Error processing D:\vsc\edusystem\src\core\wrongquestion.pdf: Unable to get page count. Is poppler installed and in PATH?
2025-08-11 16:49:43,847 - ERROR - Error analyzing image D:\vsc\edusystem\src\core\wrongquestion.pdf: Unable to get page count. Is poppler installed and in PATH?
2025-08-11 16:51:09,234 - INFO - VLTextSummarizer initialized successfully
2025-08-11 16:51:09,250 - ERROR - Error processing D:\vsc\edusystem\src\core\wrongquestion.pdf: Unable to get page count. Is poppler installed and in PATH?
2025-08-11 16:51:09,250 - ERROR - Error analyzing image D:\vsc\edusystem\src\core\wrongquestion.pdf: Unable to get page count. Is poppler installed and in PATH?
2025-08-11 17:21:33,434 - INFO - VLTextSummarizer initialized successfully
2025-08-11 17:21:35,758 - INFO - HTTP Request: POST https://dashscope.aliyuncs.com/compatible-mode/v1/chat/completions "HTTP/1.1 400 Bad Request"
2025-08-11 17:21:35,761 - ERROR - Error analyzing image D:\vsc\edusystem\src\core\wrongquestion.pdf: Error code: 400 - {'error': {'code': 'invalid_parameter_error', 'param': None, 'message': '<400> InternalError.Algo.InvalidParameter: The image format is illegal and cannot be opened', 'type': 'invalid_request_error'}, 'id': 'chatcmpl-0b457182-a4a5-99d7-9fb9-d90fb590d078', 'request_id': '0b457182-a4a5-99d7-9fb9-d90fb590d078'}
2025-08-11 17:40:02,669 - INFO - VLTextSummarizer initialized successfully
2025-08-11 17:40:21,475 - INFO - HTTP Request: POST https://dashscope.aliyuncs.com/compatible-mode/v1/chat/completions "HTTP/1.1 200 OK"
2025-08-11 17:40:21,495 - INFO - Successfully analyzed image: D:\vsc\edusystem\src\core\temp_wrongquestion.pdf.jpg
2025-08-11 17:52:06,805 - INFO - VLTextSummarizer initialized successfully
2025-08-11 17:52:20,655 - INFO - HTTP Request: POST https://dashscope.aliyuncs.com/compatible-mode/v1/chat/completions "HTTP/1.1 200 OK"
2025-08-11 17:52:20,674 - INFO - Successfully analyzed image: D:\vsc\edusystem\src\core\wrongquestion.png
2025-08-11 17:53:04,130 - INFO - VLTextSummarizer initialized successfully
2025-08-11 17:53:22,440 - INFO - HTTP Request: POST https://dashscope.aliyuncs.com/compatible-mode/v1/chat/completions "HTTP/1.1 200 OK"
2025-08-11 17:53:22,448 - INFO - Successfully analyzed image: D:\vsc\edusystem\src\core\temp_wrongquestion.pdf.jpg
2025-08-11 17:55:53,389 - INFO - VLTextSummarizer initialized successfully
2025-08-11 17:56:11,531 - INFO - HTTP Request: POST https://dashscope.aliyuncs.com/compatible-mode/v1/chat/completions "HTTP/1.1 200 OK"
2025-08-11 17:56:11,539 - INFO - Successfully analyzed image: D:\vsc\edusystem\src\core\temp_wrongquestion.pdf.jpg
2025-08-11 17:58:58,098 - INFO - VLTextSummarizer initialized successfully
2025-08-11 17:59:10,135 - INFO - HTTP Request: POST https://dashscope.aliyuncs.com/compatible-mode/v1/chat/completions "HTTP/1.1 200 OK"
2025-08-11 17:59:10,146 - INFO - Successfully analyzed image: D:\vsc\edusystem\src\core\temp_wrongquestion.pdf.jpg
2025-08-11 18:18:19,478 - INFO - VLTextSummarizer initialized successfully
2025-08-11 18:18:32,826 - INFO - HTTP Request: POST https://dashscope.aliyuncs.com/compatible-mode/v1/chat/completions "HTTP/1.1 200 OK"
2025-08-11 18:18:32,846 - INFO - Successfully analyzed image: D:\vsc\edusystem\src\core\wrongquestion.png
2025-08-11 18:19:55,077 - INFO - VLTextSummarizer initialized successfully
2025-08-11 18:20:08,192 - INFO - HTTP Request: POST https://dashscope.aliyuncs.com/compatible-mode/v1/chat/completions "HTTP/1.1 200 OK"
2025-08-11 18:20:08,205 - INFO - Successfully analyzed image: D:\vsc\edusystem\src\core\wrongquestion.png
2025-08-11 18:24:12,735 - INFO - VLTextSummarizer initialized successfully
2025-08-11 18:24:38,362 - INFO - HTTP Request: POST https://dashscope.aliyuncs.com/compatible-mode/v1/chat/completions "HTTP/1.1 200 OK"
2025-08-11 18:24:38,384 - INFO - Successfully analyzed image: D:\vsc\edusystem\src\core\wrongquestion.png
2025-08-11 18:25:47,307 - INFO - VLTextSummarizer initialized successfully
2025-08-11 18:26:05,762 - INFO - HTTP Request: POST https://dashscope.aliyuncs.com/compatible-mode/v1/chat/completions "HTTP/1.1 200 OK"
2025-08-11 18:26:05,784 - INFO - Successfully analyzed image: D:\vsc\edusystem\src\core\temp_wrongquestion.pdf.jpg
2025-08-11 18:37:59,870 - INFO - VLTextSummarizer initialized successfully
2025-08-11 18:38:19,685 - INFO - HTTP Request: POST https://dashscope.aliyuncs.com/compatible-mode/v1/chat/completions "HTTP/1.1 200 OK"
2025-08-11 18:38:19,694 - INFO - Successfully analyzed image: D:\vsc\edusystem\src\core\temp_wrongquestion.pdf.jpg
2025-08-11 18:45:37,460 - INFO - VLTextSummarizer initialized successfully
2025-08-11 18:45:54,828 - INFO - HTTP Request: POST https://dashscope.aliyuncs.com/compatible-mode/v1/chat/completions "HTTP/1.1 200 OK"
2025-08-11 18:45:54,848 - INFO - Successfully analyzed image: D:\vsc\edusystem\src\core\temp_wrongquestion.pdf.jpg
2025-08-11 18:47:08,127 - INFO - VLTextSummarizer initialized successfully
2025-08-11 18:47:32,367 - INFO - HTTP Request: POST https://dashscope.aliyuncs.com/compatible-mode/v1/chat/completions "HTTP/1.1 200 OK"
2025-08-11 18:47:32,387 - INFO - Successfully analyzed image: D:\vsc\edusystem\src\core\temp_wrongquestion.pdf.jpg
2025-08-11 18:50:20,322 - INFO - VLTextSummarizer initialized successfully
2025-08-11 18:50:38,836 - INFO - HTTP Request: POST https://dashscope.aliyuncs.com/compatible-mode/v1/chat/completions "HTTP/1.1 200 OK"
2025-08-11 18:50:38,849 - ERROR - Error analyzing image D:\vsc\edusystem\src\core\temp_wrongquestion.pdf.jpg: 'str' object has no attribute 'requiest_id'
2025-08-11 18:55:25,997 - INFO - VLTextSummarizer initialized successfully
2025-08-11 18:55:42,915 - INFO - HTTP Request: POST https://dashscope.aliyuncs.com/compatible-mode/v1/chat/completions "HTTP/1.1 200 OK"
2025-08-11 18:55:42,942 - ERROR - Error analyzing image D:\vsc\edusystem\src\core\temp_wrongquestion.pdf.jpg: 'ChatCompletion' object has no attribute 'headers'
2025-08-11 18:56:36,290 - INFO - VLTextSummarizer initialized successfully
2025-08-11 18:56:53,166 - INFO - HTTP Request: POST https://dashscope.aliyuncs.com/compatible-mode/v1/chat/completions "HTTP/1.1 200 OK"
2025-08-11 18:56:53,190 - ERROR - Error analyzing image D:\vsc\edusystem\src\core\temp_wrongquestion.pdf.jpg: 'str' object has no attribute 'headers'
2025-08-11 18:57:48,884 - INFO - VLTextSummarizer initialized successfully
2025-08-11 18:58:05,722 - INFO - HTTP Request: POST https://dashscope.aliyuncs.com/compatible-mode/v1/chat/completions "HTTP/1.1 200 OK"
2025-08-11 18:58:05,747 - INFO - Successfully analyzed image: D:\vsc\edusystem\src\core\temp_wrongquestion.pdf.jpg
2025-08-11 18:59:54,319 - INFO - VLTextSummarizer initialized successfully
2025-08-11 19:00:12,567 - INFO - HTTP Request: POST https://dashscope.aliyuncs.com/compatible-mode/v1/chat/completions "HTTP/1.1 200 OK"
2025-08-11 19:00:12,589 - INFO - Successfully analyzed image: D:\vsc\edusystem\src\core\temp_wrongquestion.pdf.jpg
2025-08-11 20:22:01,264 - INFO - VLTextSummarizer initialized successfully
2025-08-11 20:22:12,539 - INFO - HTTP Request: POST https://dashscope.aliyuncs.com/compatible-mode/v1/chat/completions "HTTP/1.1 200 OK"
2025-08-11 20:22:12,568 - INFO - Successfully analyzed image: D:\vsc\edusystem\src\core\temp_wrongquestion.pdf.jpg
2025-08-13 17:44:08,450 - INFO - VLTextSummarizer initialized successfully
2025-08-13 17:44:39,717 - INFO - HTTP Request: POST https://dashscope.aliyuncs.com/compatible-mode/v1/chat/completions "HTTP/1.1 200 OK"
2025-08-13 17:44:39,749 - INFO - Successfully analyzed image: D:\vsc\edusystem\src\core\wrongquestion.png
2025-08-13 17:49:59,765 - INFO - VLTextSummarizer initialized successfully
2025-08-13 17:50:20,634 - INFO - HTTP Request: POST https://dashscope.aliyuncs.com/compatible-mode/v1/chat/completions "HTTP/1.1 200 OK"
2025-08-13 17:50:20,654 - INFO - Successfully analyzed image: D:\vsc\edusystem\src\core\wrongquestion.png
2025-08-13 19:40:04,561 - INFO - VLTextSummarizer initialized successfully
2025-08-13 19:40:20,150 - INFO - HTTP Request: POST https://dashscope.aliyuncs.com/compatible-mode/v1/chat/completions "HTTP/1.1 200 OK"
2025-08-13 19:40:20,157 - INFO - Successfully analyzed image: D:\vsc\edusystem\src\core\temp_wrongquestion.pdf.jpg
2025-08-13 19:44:13,910 - INFO - VLTextSummarizer initialized successfully
2025-08-13 19:44:29,181 - INFO - HTTP Request: POST https://dashscope.aliyuncs.com/compatible-mode/v1/chat/completions "HTTP/1.1 200 OK"
2025-08-13 19:44:29,208 - INFO - Successfully analyzed image: D:\vsc\edusystem\src\core\wrongquestion.png
2025-08-13 20:41:16,955 - INFO - VLTextSummarizer initialized successfully
2025-08-13 20:41:54,985 - INFO - HTTP Request: POST https://dashscope.aliyuncs.com/compatible-mode/v1/chat/completions "HTTP/1.1 200 OK"
2025-08-13 20:41:55,007 - INFO - Successfully analyzed image: D:\vsc\edusystem\src\core\wrongquestion.png
2025-08-13 20:48:14,315 - INFO - VLTextSummarizer initialized successfully
2025-08-13 20:48:35,926 - INFO - HTTP Request: POST https://dashscope.aliyuncs.com/compatible-mode/v1/chat/completions "HTTP/1.1 200 OK"
2025-08-13 20:48:35,954 - INFO - Successfully analyzed image: D:\vsc\edusystem\src\core\wrongquestion.png
2025-08-13 20:49:29,016 - INFO - VLTextSummarizer initialized successfully
2025-08-13 20:49:49,274 - INFO - HTTP Request: POST https://dashscope.aliyuncs.com/compatible-mode/v1/chat/completions "HTTP/1.1 200 OK"
2025-08-13 20:49:49,278 - INFO - Successfully analyzed image: D:\vsc\edusystem\src\core\wrongquestion.png
2025-08-13 20:50:29,606 - INFO - VLTextSummarizer initialized successfully
2025-08-13 20:50:58,823 - INFO - HTTP Request: POST https://dashscope.aliyuncs.com/compatible-mode/v1/chat/completions "HTTP/1.1 200 OK"
2025-08-13 20:50:58,836 - INFO - Successfully analyzed image: D:\vsc\edusystem\src\core\wrongquestion.png
2025-08-13 20:51:53,703 - INFO - VLTextSummarizer initialized successfully
2025-08-13 20:52:14,321 - INFO - HTTP Request: POST https://dashscope.aliyuncs.com/compatible-mode/v1/chat/completions "HTTP/1.1 200 OK"
2025-08-13 20:52:14,329 - INFO - Successfully analyzed image: D:\vsc\edusystem\src\core\wrongquestion.png
2025-08-13 23:10:31,903 - INFO - VLTextSummarizer initialized successfully
2025-08-13 23:11:45,946 - INFO - HTTP Request: POST https://dashscope.aliyuncs.com/compatible-mode/v1/chat/completions "HTTP/1.1 200 OK"
2025-08-13 23:11:45,956 - INFO - Successfully analyzed image: D:\vsc\edusystem\src\core\wrongquestion.png
2025-08-13 23:13:28,333 - INFO - VLTextSummarizer initialized successfully
2025-08-13 23:14:34,257 - INFO - Retrying request to /chat/completions in 0.392246 seconds
2025-08-13 23:15:08,189 - INFO - HTTP Request: POST https://dashscope.aliyuncs.com/compatible-mode/v1/chat/completions "HTTP/1.1 200 OK"
2025-08-13 23:15:08,199 - INFO - Successfully analyzed image: D:\vsc\edusystem\src\core\wrongquestion.png
2025-08-13 23:16:51,474 - INFO - VLTextSummarizer initialized successfully
2025-08-13 23:17:56,904 - INFO - HTTP Request: POST https://dashscope.aliyuncs.com/compatible-mode/v1/chat/completions "HTTP/1.1 200 OK"
2025-08-13 23:17:56,929 - INFO - Successfully analyzed image: D:\vsc\edusystem\src\core\wrongquestion.png
2025-08-13 23:33:06,381 - INFO - VLTextSummarizer initialized successfully
2025-08-13 23:33:36,083 - INFO - HTTP Request: POST https://dashscope.aliyuncs.com/compatible-mode/v1/chat/completions "HTTP/1.1 200 OK"
2025-08-13 23:33:36,111 - INFO - Successfully analyzed image: D:\vsc\edusystem\src\core\wrongquestion.png
2025-08-13 23:59:04,166 - INFO - VLTextSummarizer initialized successfully
2025-08-13 23:59:29,880 - INFO - HTTP Request: POST https://dashscope.aliyuncs.com/compatible-mode/v1/chat/completions "HTTP/1.1 200 OK"
2025-08-13 23:59:29,915 - INFO - Successfully analyzed image: D:\vsc\edusystem\src\core\wrongquestion.png
2025-08-14 00:10:11,565 - INFO - VLTextSummarizer initialized successfully
2025-08-14 00:11:04,126 - INFO - HTTP Request: POST https://dashscope.aliyuncs.com/compatible-mode/v1/chat/completions "HTTP/1.1 200 OK"
2025-08-14 00:11:04,142 - INFO - Successfully analyzed image: D:\vsc\edusystem\src\core\wrongquestion.png
2025-08-14 00:58:55,186 - INFO - VLTextSummarizer initialized successfully
2025-08-14 00:59:22,289 - INFO - HTTP Request: POST https://dashscope.aliyuncs.com/compatible-mode/v1/chat/completions "HTTP/1.1 200 OK"
2025-08-14 00:59:22,308 - INFO - Successfully analyzed image: D:\vsc\edusystem\src\core\wrongquestion.png
2025-08-14 01:02:23,864 - INFO - VLTextSummarizer initialized successfully
2025-08-14 01:03:04,307 - INFO - HTTP Request: POST https://dashscope.aliyuncs.com/compatible-mode/v1/chat/completions "HTTP/1.1 200 OK"
2025-08-14 01:03:04,319 - INFO - Successfully analyzed image: D:\vsc\edusystem\src\core\wrongquestion.png
2025-09-03 18:53:04,169 - INFO - VLTextSummarizer initialized successfully
2025-09-03 18:53:54,820 - INFO - HTTP Request: POST https://dashscope.aliyuncs.com/compatible-mode/v1/chat/completions "HTTP/1.1 200 OK"
2025-09-03 18:53:54,827 - INFO - Successfully analyzed image: D:\vsc\edusystem\src\core\wrongquestion.png
